"S:/Projects/LD53/LD53_Deliverables/Content/DATA/Enum_Genders.uasset" 0
"S:/Projects/LD53/LD53_Deliverables/Content/DATA/Enum_Genders.uexp" 1
"S:/Projects/LD53/LD53_Deliverables/Content/DATA/Struct_Baby.uasset" 2
"S:/Projects/LD53/LD53_Deliverables/Content/DATA/Struct_Baby.uexp" 3
"S:/Projects/LD53/LD53_Deliverables/Content/DATA/Struct_Player.uasset" 4
"S:/Projects/LD53/LD53_Deliverables/Content/DATA/Struct_Player.uexp" 5
"S:/Projects/LD53/LD53_Deliverables/Content/DATA/Enum_TriggerTypes.uasset" 6
"S:/Projects/LD53/LD53_Deliverables/Content/DATA/Enum_TriggerTypes.uexp" 7
"S:/Projects/LD53/LD53_Deliverables/Content/DATA/Enum_GameState.uasset" 8
"S:/Projects/LD53/LD53_Deliverables/Content/DATA/Enum_GameState.uexp" 9
"S:/Projects/LD53/LD53_Deliverables/Content/Libraries/BPI_Deliverables.uasset" 10
"S:/Projects/LD53/LD53_Deliverables/Content/Libraries/BPI_Deliverables.uexp" 11
"S:/Projects/LD53/LD53_Deliverables/Content/DATA/SG_Deliverables.uasset" 12
"S:/Projects/LD53/LD53_Deliverables/Content/DATA/SG_Deliverables.uexp" 13
"S:/Projects/LD53/LD53_Deliverables/Content/PLAYFAB/Global/GI_Playfab.uasset" 14
"S:/Projects/LD53/LD53_Deliverables/Content/PLAYFAB/Global/GI_Playfab.uexp" 15
"../../../Engine/Plugins/2D/Paper2D/Content/PlaceholderTextures/DummySpriteTexture.uasset" 16
"../../../Engine/Plugins/2D/Paper2D/Content/PlaceholderTextures/DummySpriteTexture.uexp" 17
"../../../Engine/Plugins/2D/Paper2D/Content/PlaceholderTextures/DummySpriteTexture.ubulk" 18
"../../../Engine/Plugins/2D/Paper2D/Content/DefaultSpriteMaterial.uasset" 19
"../../../Engine/Plugins/2D/Paper2D/Content/DefaultSpriteMaterial.uexp" 20
"../../../Engine/Plugins/2D/Paper2D/Content/TranslucentUnlitSpriteMaterial.uasset" 21
"../../../Engine/Plugins/2D/Paper2D/Content/TranslucentUnlitSpriteMaterial.uexp" 22
"S:/Projects/LD53/LD53_Deliverables/Content/Textures/EnemyCar.uasset" 23
"S:/Projects/LD53/LD53_Deliverables/Content/Textures/EnemyCar.uexp" 24
"S:/Projects/LD53/LD53_Deliverables/Content/Textures/EnemyCar_Sprite.uasset" 25
"S:/Projects/LD53/LD53_Deliverables/Content/Textures/EnemyCar_Sprite.uexp" 26
"S:/Projects/LD53/LD53_Deliverables/Content/Libraries/BPL_Deliverables.uasset" 27
"S:/Projects/LD53/LD53_Deliverables/Content/Libraries/BPL_Deliverables.uexp" 28
"S:/Projects/LD53/LD53_Deliverables/Content/Actors/BP_MovingBase.uasset" 29
"S:/Projects/LD53/LD53_Deliverables/Content/Actors/BP_MovingBase.uexp" 30
"S:/Projects/LD53/LD53_Deliverables/Content/DATA/Enum_ObstacleStates.uasset" 31
"S:/Projects/LD53/LD53_Deliverables/Content/DATA/Enum_ObstacleStates.uexp" 32
"S:/Projects/LD53/LD53_Deliverables/Content/Actors/BP_Obstacle.uasset" 33
"S:/Projects/LD53/LD53_Deliverables/Content/Actors/BP_Obstacle.uexp" 34
"S:/Projects/LD53/LD53_Deliverables/Content/Textures/T_Hospital.uasset" 35
"S:/Projects/LD53/LD53_Deliverables/Content/Textures/T_Hospital.uexp" 36
"S:/Projects/LD53/LD53_Deliverables/Content/Textures/T_Hospital.ubulk" 37
"S:/Projects/LD53/LD53_Deliverables/Content/Textures/T_Hospital_Sprite.uasset" 38
"S:/Projects/LD53/LD53_Deliverables/Content/Textures/T_Hospital_Sprite.uexp" 39
"S:/Projects/LD53/LD53_Deliverables/Content/Actors/BP_Hospital.uasset" 40
"S:/Projects/LD53/LD53_Deliverables/Content/Actors/BP_Hospital.uexp" 41
"../../../Engine/Plugins/2D/Paper2D/Content/MaskedUnlitSpriteMaterial.uasset" 42
"../../../Engine/Plugins/2D/Paper2D/Content/MaskedUnlitSpriteMaterial.uexp" 43
"S:/Projects/LD53/LD53_Deliverables/Content/Textures/T_Tile.uasset" 44
"S:/Projects/LD53/LD53_Deliverables/Content/Textures/T_Tile.uexp" 45
"S:/Projects/LD53/LD53_Deliverables/Content/Textures/T_Tile.ubulk" 46
"S:/Projects/LD53/LD53_Deliverables/Content/Textures/T_Tile_Sprite.uasset" 47
"S:/Projects/LD53/LD53_Deliverables/Content/Textures/T_Tile_Sprite.uexp" 48
"S:/Projects/LD53/LD53_Deliverables/Content/Actors/BP_Tile.uasset" 49
"S:/Projects/LD53/LD53_Deliverables/Content/Actors/BP_Tile.uexp" 50
"S:/Projects/LD53/LD53_Deliverables/Content/Textures/FamlyCar.uasset" 51
"S:/Projects/LD53/LD53_Deliverables/Content/Textures/FamlyCar.uexp" 52
"S:/Projects/LD53/LD53_Deliverables/Content/Textures/FamlyCar_Sprite.uasset" 53
"S:/Projects/LD53/LD53_Deliverables/Content/Textures/FamlyCar_Sprite.uexp" 54
"S:/Projects/LD53/LD53_Deliverables/Content/SFX/CarSound_Low.uasset" 55
"S:/Projects/LD53/LD53_Deliverables/Content/SFX/CarSound_Low.uexp" 56
"S:/Projects/LD53/LD53_Deliverables/Content/SFX/So_BoldWind_2_Cue.uasset" 57
"S:/Projects/LD53/LD53_Deliverables/Content/SFX/So_BoldWind_2_Cue.uexp" 58
"S:/Projects/LD53/LD53_Deliverables/Content/SFX/DoorOpen_3.uasset" 59
"S:/Projects/LD53/LD53_Deliverables/Content/SFX/DoorOpen_3.uexp" 60
"S:/Projects/LD53/LD53_Deliverables/Content/SFX/DoorOpen_2.uasset" 61
"S:/Projects/LD53/LD53_Deliverables/Content/SFX/DoorOpen_2.uexp" 62
"S:/Projects/LD53/LD53_Deliverables/Content/SFX/DoorOpen_1.uasset" 63
"S:/Projects/LD53/LD53_Deliverables/Content/SFX/DoorOpen_1.uexp" 64
"S:/Projects/LD53/LD53_Deliverables/Content/SFX/DoorOpen_3_Cue.uasset" 65
"S:/Projects/LD53/LD53_Deliverables/Content/SFX/DoorOpen_3_Cue.uexp" 66
"S:/Projects/LD53/LD53_Deliverables/Content/Materials/M_EmissionBase.uasset" 67
"S:/Projects/LD53/LD53_Deliverables/Content/Materials/M_EmissionBase.uexp" 68
"S:/Projects/LD53/LD53_Deliverables/Content/Materials/M_Hospital_Inst.uasset" 69
"S:/Projects/LD53/LD53_Deliverables/Content/Materials/M_Hospital_Inst.uexp" 70
"S:/Projects/LD53/LD53_Deliverables/Content/Materials/M_House_Inst.uasset" 71
"S:/Projects/LD53/LD53_Deliverables/Content/Materials/M_House_Inst.uexp" 72
"../../../Engine/Content/EngineMaterials/T_Default_Material_Grid_N.uasset" 73
"../../../Engine/Content/EngineMaterials/T_Default_Material_Grid_N.uexp" 74
"../../../Engine/Content/EngineMaterials/T_Default_Material_Grid_N.ubulk" 75
"../../../Engine/Content/EngineMaterials/T_Default_Material_Grid_M.uasset" 76
"../../../Engine/Content/EngineMaterials/T_Default_Material_Grid_M.uexp" 77
"../../../Engine/Content/EngineMaterials/T_Default_Material_Grid_M.ubulk" 78
"../../../Engine/Content/Functions/Engine_MaterialFunctions01/Opacity/CameraDepthFade.uasset" 79
"../../../Engine/Content/Functions/Engine_MaterialFunctions01/Opacity/CameraDepthFade.uexp" 80
"../../../Engine/Content/EngineMaterials/DefaultMaterial.uasset" 81
"../../../Engine/Content/EngineMaterials/DefaultMaterial.uexp" 82
"../../../Engine/Content/BasicShapes/Sphere.uasset" 83
"../../../Engine/Content/BasicShapes/Sphere.uexp" 84
"S:/Projects/LD53/LD53_Deliverables/Content/DATA/Enum_Lanes.uasset" 85
"S:/Projects/LD53/LD53_Deliverables/Content/DATA/Enum_Lanes.uexp" 86
"S:/Projects/LD53/LD53_Deliverables/Content/Actors/BP_DeliverablesPawn.uasset" 87
"S:/Projects/LD53/LD53_Deliverables/Content/Actors/BP_DeliverablesPawn.uexp" 88
"S:/Projects/LD53/LD53_Deliverables/Content/Textures/Baby_Boi.uasset" 89
"S:/Projects/LD53/LD53_Deliverables/Content/Textures/Baby_Boi.uexp" 90
"S:/Projects/LD53/LD53_Deliverables/Content/Textures/Baby_Boy.uasset" 91
"S:/Projects/LD53/LD53_Deliverables/Content/Textures/Baby_Boy.uexp" 92
"S:/Projects/LD53/LD53_Deliverables/Content/Textures/Baby_Girl.uasset" 93
"S:/Projects/LD53/LD53_Deliverables/Content/Textures/Baby_Girl.uexp" 94
"S:/Projects/LD53/LD53_Deliverables/Content/Textures/Baby_Gworl.uasset" 95
"S:/Projects/LD53/LD53_Deliverables/Content/Textures/Baby_Gworl.uexp" 96
"S:/Projects/LD53/LD53_Deliverables/Content/Textures/Baby_Qween.uasset" 97
"S:/Projects/LD53/LD53_Deliverables/Content/Textures/Baby_Qween.uexp" 98
"S:/Projects/LD53/LD53_Deliverables/Content/DATA/Struct_GenderToPic.uasset" 99
"S:/Projects/LD53/LD53_Deliverables/Content/DATA/Struct_GenderToPic.uexp" 100
"S:/Projects/LD53/LD53_Deliverables/Content/Actors/BP_ObstacleSpawner.uasset" 101
"S:/Projects/LD53/LD53_Deliverables/Content/Actors/BP_ObstacleSpawner.uexp" 102
"S:/Projects/LD53/LD53_Deliverables/Content/UI/WBP_Pause.uasset" 103
"S:/Projects/LD53/LD53_Deliverables/Content/UI/WBP_Pause.uexp" 104
"S:/Projects/LD53/LD53_Deliverables/Content/UI/Slates/WBP_SpellCheckTextBox.uasset" 105
"S:/Projects/LD53/LD53_Deliverables/Content/UI/Slates/WBP_SpellCheckTextBox.uexp" 106
"S:/Projects/LD53/LD53_Deliverables/Content/UI/WBP_Login.uasset" 107
"S:/Projects/LD53/LD53_Deliverables/Content/UI/WBP_Login.uexp" 108
"S:/Projects/LD53/LD53_Deliverables/Content/UI/WBP_MainMenu.uasset" 109
"S:/Projects/LD53/LD53_Deliverables/Content/UI/WBP_MainMenu.uexp" 110
"S:/Projects/LD53/LD53_Deliverables/Content/UI/Slates/WBP_EmptyDialogue.uasset" 111
"S:/Projects/LD53/LD53_Deliverables/Content/UI/Slates/WBP_EmptyDialogue.uexp" 112
"S:/Projects/LD53/LD53_Deliverables/Content/UI/Slates/WBP_Dialogue.uasset" 113
"S:/Projects/LD53/LD53_Deliverables/Content/UI/Slates/WBP_Dialogue.uexp" 114
"S:/Projects/LD53/LD53_Deliverables/Content/UI/WBP_HUD.uasset" 115
"S:/Projects/LD53/LD53_Deliverables/Content/UI/WBP_HUD.uexp" 116
"S:/Projects/LD53/LD53_Deliverables/Content/UI/WBP_Crash.uasset" 117
"S:/Projects/LD53/LD53_Deliverables/Content/UI/WBP_Crash.uexp" 118
"S:/Projects/LD53/LD53_Deliverables/Content/UI/Slates/WBP_LeaderboardEntry.uasset" 119
"S:/Projects/LD53/LD53_Deliverables/Content/UI/Slates/WBP_LeaderboardEntry.uexp" 120
"S:/Projects/LD53/LD53_Deliverables/Content/UI/Slates/WBP_BabyCard.uasset" 121
"S:/Projects/LD53/LD53_Deliverables/Content/UI/Slates/WBP_BabyCard.uexp" 122
"S:/Projects/LD53/LD53_Deliverables/Content/Textures/Bcert/T_BCert_Frame-05.uasset" 123
"S:/Projects/LD53/LD53_Deliverables/Content/Textures/Bcert/T_BCert_Frame-05.uexp" 124
"S:/Projects/LD53/LD53_Deliverables/Content/Textures/Bcert/T_BCert_Frame-03.uasset" 125
"S:/Projects/LD53/LD53_Deliverables/Content/Textures/Bcert/T_BCert_Frame-03.uexp" 126
"S:/Projects/LD53/LD53_Deliverables/Content/Textures/Bcert/T_BCert_Frame-02.uasset" 127
"S:/Projects/LD53/LD53_Deliverables/Content/Textures/Bcert/T_BCert_Frame-02.uexp" 128
"S:/Projects/LD53/LD53_Deliverables/Content/UI/WBP_BirthCertificate.uasset" 129
"S:/Projects/LD53/LD53_Deliverables/Content/UI/WBP_BirthCertificate.uexp" 130
"S:/Projects/LD53/LD53_Deliverables/Content/SFX/Impact_8.uasset" 131
"S:/Projects/LD53/LD53_Deliverables/Content/SFX/Impact_8.uexp" 132
"S:/Projects/LD53/LD53_Deliverables/Content/SFX/Explotion_1_High.uasset" 133
"S:/Projects/LD53/LD53_Deliverables/Content/SFX/Explotion_1_High.uexp" 134
"S:/Projects/LD53/LD53_Deliverables/Content/SFX/Explotion_1_High_Cue.uasset" 135
"S:/Projects/LD53/LD53_Deliverables/Content/SFX/Explotion_1_High_Cue.uexp" 136
"S:/Projects/LD53/LD53_Deliverables/Content/Global/BP_Deliverables_PC.uasset" 137
"S:/Projects/LD53/LD53_Deliverables/Content/Global/BP_Deliverables_PC.uexp" 138
"S:/Projects/LD53/LD53_Deliverables/Content/PLAYFAB/Global/GM_Playfab.uasset" 139
"S:/Projects/LD53/LD53_Deliverables/Content/PLAYFAB/Global/GM_Playfab.uexp" 140
"S:/Projects/LD53/LD53_Deliverables/Content/Global/GM_Deliverables.uasset" 141
"S:/Projects/LD53/LD53_Deliverables/Content/Global/GM_Deliverables.uexp" 142
"S:/Projects/LD53/LD53_Deliverables/Content/UI/WBP_LeaderBoards.uasset" 143
"S:/Projects/LD53/LD53_Deliverables/Content/UI/WBP_LeaderBoards.uexp" 144
"../../../Engine/Content/EngineMaterials/WorldGridMaterial.uasset" 145
"../../../Engine/Content/EngineMaterials/WorldGridMaterial.uexp" 146
"../../../Engine/Content/ArtTools/RenderToTexture/Meshes/S_1_Unit_Plane.uasset" 147
"../../../Engine/Content/ArtTools/RenderToTexture/Meshes/S_1_Unit_Plane.uexp" 148
"../../../Engine/Content/BasicShapes/Cone.uasset" 149
"../../../Engine/Content/BasicShapes/Cone.uexp" 150
"../../../Engine/Content/BasicShapes/Cube.uasset" 151
"../../../Engine/Content/BasicShapes/Cube.uexp" 152
"../../../Engine/Content/BasicShapes/Cylinder.uasset" 153
"../../../Engine/Content/BasicShapes/Cylinder.uexp" 154
"../../../Engine/Content/BasicShapes/Plane.uasset" 155
"../../../Engine/Content/BasicShapes/Plane.uexp" 156
"../../../Engine/Content/EngineDamageTypes/DmgTypeBP_Environmental.uasset" 157
"../../../Engine/Content/EngineDamageTypes/DmgTypeBP_Environmental.uexp" 158
"../../../Engine/Content/EngineDebugMaterials/DebugEditorMaterial.uasset" 159
"../../../Engine/Content/EngineDebugMaterials/DebugEditorMaterial.uexp" 160
"../../../Engine/Content/EngineDebugMaterials/DebugMeshMaterial.uasset" 161
"../../../Engine/Content/EngineDebugMaterials/DebugMeshMaterial.uexp" 162
"../../../Engine/Content/EngineDebugMaterials/M_SimpleUnlitTranslucent.uasset" 163
"../../../Engine/Content/EngineDebugMaterials/M_SimpleUnlitTranslucent.uexp" 164
"../../../Engine/Content/EngineFonts/Faces/RobotoRegular.uasset" 165
"../../../Engine/Content/EngineFonts/Faces/RobotoRegular.uexp" 166
"../../../Engine/Content/EngineFonts/Faces/RobotoRegular.ufont" 167
"../../../Engine/Content/EngineFonts/Faces/RobotoLight.uasset" 168
"../../../Engine/Content/EngineFonts/Faces/RobotoLight.uexp" 169
"../../../Engine/Content/EngineFonts/Faces/RobotoLight.ufont" 170
"../../../Engine/Content/EngineFonts/Faces/RobotoItalic.uasset" 171
"../../../Engine/Content/EngineFonts/Faces/RobotoItalic.uexp" 172
"../../../Engine/Content/EngineFonts/Faces/RobotoItalic.ufont" 173
"../../../Engine/Content/EngineFonts/Faces/RobotoBoldItalic.uasset" 174
"../../../Engine/Content/EngineFonts/Faces/RobotoBoldItalic.uexp" 175
"../../../Engine/Content/EngineFonts/Faces/RobotoBoldItalic.ufont" 176
"../../../Engine/Content/EngineFonts/Faces/RobotoBold.uasset" 177
"../../../Engine/Content/EngineFonts/Faces/RobotoBold.uexp" 178
"../../../Engine/Content/EngineFonts/Faces/RobotoBold.ufont" 179
"../../../Engine/Content/EngineFonts/Faces/DroidSansFallback.uasset" 180
"../../../Engine/Content/EngineFonts/Faces/DroidSansFallback.uexp" 181
"../../../Engine/Content/EngineFonts/Faces/DroidSansFallback.ufont" 182
"../../../Engine/Content/EngineFonts/Roboto.uasset" 183
"../../../Engine/Content/EngineFonts/Roboto.uexp" 184
"../../../Engine/Content/EngineMaterials/BaseFlattenNormalMap.uasset" 185
"../../../Engine/Content/EngineMaterials/BaseFlattenNormalMap.uexp" 186
"../../../Engine/Content/EngineMaterials/BaseFlattenGrayscaleMap.uasset" 187
"../../../Engine/Content/EngineMaterials/BaseFlattenGrayscaleMap.uexp" 188
"../../../Engine/Content/EngineMaterials/BaseFlattenEmissiveMap.uasset" 189
"../../../Engine/Content/EngineMaterials/BaseFlattenEmissiveMap.uexp" 190
"../../../Engine/Content/EngineMaterials/BaseFlattenDiffuseMap.uasset" 191
"../../../Engine/Content/EngineMaterials/BaseFlattenDiffuseMap.uexp" 192
"../../../Engine/Content/EngineMaterials/BaseFlattenMaterial.uasset" 193
"../../../Engine/Content/EngineMaterials/BaseFlattenMaterial.uexp" 194
"../../../Engine/Content/EngineMaterials/BlueNoise.uasset" 195
"../../../Engine/Content/EngineMaterials/BlueNoise.uexp" 196
"../../../Engine/Content/EngineMaterials/DefaultBloomKernel.uasset" 197
"../../../Engine/Content/EngineMaterials/DefaultBloomKernel.uexp" 198
"../../../Engine/Content/EngineMaterials/DefaultBokeh.uasset" 199
"../../../Engine/Content/EngineMaterials/DefaultBokeh.uexp" 200
"../../../Engine/Content/EngineMaterials/DefaultDiffuse.uasset" 201
"../../../Engine/Content/EngineMaterials/DefaultDiffuse.uexp" 202
"../../../Engine/Content/EngineMaterials/DefaultDiffuse.ubulk" 203
"../../../Engine/Content/EngineMaterials/DefaultDeferredDecalMaterial.uasset" 204
"../../../Engine/Content/EngineMaterials/DefaultDeferredDecalMaterial.uexp" 205
"../../../Engine/Content/EngineMaterials/DefaultLightFunctionMaterial.uasset" 206
"../../../Engine/Content/EngineMaterials/DefaultLightFunctionMaterial.uexp" 207
"../../../Engine/Content/EngineMaterials/DefaultPhysicalMaterial.uasset" 208
"../../../Engine/Content/EngineMaterials/DefaultPhysicalMaterial.uexp" 209
"../../../Engine/Content/Functions/Engine_MaterialFunctions02/Utility/BreakOutFloat2Components.uasset" 210
"../../../Engine/Content/Functions/Engine_MaterialFunctions02/Utility/BreakOutFloat2Components.uexp" 211
"../../../Engine/Content/EngineMaterials/DefaultPostProcessMaterial.uasset" 212
"../../../Engine/Content/EngineMaterials/DefaultPostProcessMaterial.uexp" 213
"../../../Engine/Content/EngineFonts/RobotoDistanceField.uasset" 214
"../../../Engine/Content/EngineFonts/RobotoDistanceField.uexp" 215
"../../../Engine/Content/EngineMaterials/DefaultTextMaterialOpaque.uasset" 216
"../../../Engine/Content/EngineMaterials/DefaultTextMaterialOpaque.uexp" 217
"../../../Engine/Content/EngineMaterials/DefaultWhiteGrid.uasset" 218
"../../../Engine/Content/EngineMaterials/DefaultWhiteGrid.uexp" 219
"../../../Engine/Content/EngineMaterials/DefaultWhiteGrid.ubulk" 220
"../../../Engine/Content/EngineMaterials/DefaultWhiteGrid_Low.uasset" 221
"../../../Engine/Content/EngineMaterials/DefaultWhiteGrid_Low.uexp" 222
"../../../Engine/Content/EngineMaterials/EmissiveMeshMaterial.uasset" 223
"../../../Engine/Content/EngineMaterials/EmissiveMeshMaterial.uexp" 224
"../../../Engine/Content/EngineMaterials/GizmoMaterial.uasset" 225
"../../../Engine/Content/EngineMaterials/GizmoMaterial.uexp" 226
"../../../Engine/Content/EngineMaterials/Good64x64TilingNoiseHighFreq.uasset" 227
"../../../Engine/Content/EngineMaterials/Good64x64TilingNoiseHighFreq.uexp" 228
"../../../Engine/Content/EngineMaterials/MiniFont.uasset" 229
"../../../Engine/Content/EngineMaterials/MiniFont.uexp" 230
"../../../Engine/Content/EngineMaterials/InvalidLightmapSettings.uasset" 231
"../../../Engine/Content/EngineMaterials/InvalidLightmapSettings.uexp" 232
"../../../Engine/Content/EngineMaterials/InvalidLightmapSettings.ubulk" 233
"../../../Engine/Content/EngineMaterials/M_InvalidLightmapSettings.uasset" 234
"../../../Engine/Content/EngineMaterials/M_InvalidLightmapSettings.uexp" 235
"../../../Engine/Content/Functions/Engine_MaterialFunctions02/WorldPositionOffset/CameraOffset.uasset" 236
"../../../Engine/Content/Functions/Engine_MaterialFunctions02/WorldPositionOffset/CameraOffset.uexp" 237
"../../../Engine/Content/EngineMaterials/PhAT_JointLimitMaterial.uasset" 238
"../../../Engine/Content/EngineMaterials/PhAT_JointLimitMaterial.uexp" 239
"../../../Engine/Content/EngineMaterials/DefaultCalibrationColor.uasset" 240
"../../../Engine/Content/EngineMaterials/DefaultCalibrationColor.uexp" 241
"../../../Engine/Content/EngineMaterials/PPM_DefaultCalibrationColor.uasset" 242
"../../../Engine/Content/EngineMaterials/PPM_DefaultCalibrationColor.uexp" 243
"../../../Engine/Content/EngineMaterials/DefaultCalibrationGrayscale.uasset" 244
"../../../Engine/Content/EngineMaterials/DefaultCalibrationGrayscale.uexp" 245
"../../../Engine/Content/EngineMaterials/PPM_DefaultCalibrationGrayscale.uasset" 246
"../../../Engine/Content/EngineMaterials/PPM_DefaultCalibrationGrayscale.uexp" 247
"../../../Engine/Content/EngineMaterials/PreintegratedSkinBRDF.uasset" 248
"../../../Engine/Content/EngineMaterials/PreintegratedSkinBRDF.uexp" 249
"../../../Engine/Content/EngineMaterials/RemoveSurfaceMaterial.uasset" 250
"../../../Engine/Content/EngineMaterials/RemoveSurfaceMaterial.uexp" 251
"../../../Engine/Content/EngineMaterials/WeightMapPlaceholderTexture.uasset" 252
"../../../Engine/Content/EngineMaterials/WeightMapPlaceholderTexture.uexp" 253
"../../../Engine/Content/EngineResources/WhiteSquareTexture.uasset" 254
"../../../Engine/Content/EngineResources/WhiteSquareTexture.uexp" 255
"../../../Engine/Content/EngineMaterials/Widget3DPassThrough.uasset" 256
"../../../Engine/Content/EngineMaterials/Widget3DPassThrough.uexp" 257
"../../../Engine/Content/EngineMaterials/Widget3DPassThrough_Masked.uasset" 258
"../../../Engine/Content/EngineMaterials/Widget3DPassThrough_Masked.uexp" 259
"../../../Engine/Content/EngineMaterials/Widget3DPassThrough_Opaque.uasset" 260
"../../../Engine/Content/EngineMaterials/Widget3DPassThrough_Opaque.uexp" 261
"../../../Engine/Content/EngineMaterials/Widget3DPassThrough_Masked_OneSided.uasset" 262
"../../../Engine/Content/EngineMaterials/Widget3DPassThrough_Masked_OneSided.uexp" 263
"../../../Engine/Content/EngineMaterials/Widget3DPassThrough_Opaque_OneSided.uasset" 264
"../../../Engine/Content/EngineMaterials/Widget3DPassThrough_Opaque_OneSided.uexp" 265
"../../../Engine/Content/EngineMaterials/Widget3DPassThrough_Translucent.uasset" 266
"../../../Engine/Content/EngineMaterials/Widget3DPassThrough_Translucent.uexp" 267
"../../../Engine/Content/EngineMaterials/Widget3DPassThrough_Translucent_OneSided.uasset" 268
"../../../Engine/Content/EngineMaterials/Widget3DPassThrough_Translucent_OneSided.uexp" 269
"../../../Engine/Content/EngineMeshes/Sphere.uasset" 270
"../../../Engine/Content/EngineMeshes/Sphere.uexp" 271
"../../../Engine/Content/EngineResources/Black.uasset" 272
"../../../Engine/Content/EngineResources/Black.uexp" 273
"../../../Engine/Content/EngineResources/DefaultTexture.uasset" 274
"../../../Engine/Content/EngineResources/DefaultTexture.uexp" 275
"../../../Engine/Content/EngineResources/DefaultTexture.ubulk" 276
"../../../Engine/Content/EngineResources/DefaultTextureCube.uasset" 277
"../../../Engine/Content/EngineResources/DefaultTextureCube.uexp" 278
"../../../Engine/Content/EngineResources/DefaultVolumeTexture2D.uasset" 279
"../../../Engine/Content/EngineResources/DefaultVolumeTexture2D.uexp" 280
"../../../Engine/Content/EngineResources/DefaultVolumeTexture.uasset" 281
"../../../Engine/Content/EngineResources/DefaultVolumeTexture.uexp" 282
"../../../Engine/Content/EngineResources/GradientTexture0.uasset" 283
"../../../Engine/Content/EngineResources/GradientTexture0.uexp" 284
"../../../Engine/Content/EngineSky/VolumetricClouds/T_NoiseShape64.uasset" 285
"../../../Engine/Content/EngineSky/VolumetricClouds/T_NoiseShape64.uexp" 286
"../../../Engine/Content/EngineSky/VolumetricClouds/T_NoiseShape64.ubulk" 287
"../../../Engine/Content/EngineSky/VolumetricClouds/T_VolumeNoiseShape64.uasset" 288
"../../../Engine/Content/EngineSky/VolumetricClouds/T_VolumeNoiseShape64.uexp" 289
"../../../Engine/Content/EngineSky/VolumetricClouds/T_NoiseErosion.uasset" 290
"../../../Engine/Content/EngineSky/VolumetricClouds/T_NoiseErosion.uexp" 291
"../../../Engine/Content/EngineSky/VolumetricClouds/T_NoiseErosion.ubulk" 292
"../../../Engine/Content/EngineSky/VolumetricClouds/T_VolumeNoiseErosion32.uasset" 293
"../../../Engine/Content/EngineSky/VolumetricClouds/T_VolumeNoiseErosion32.uexp" 294
"../../../Engine/Content/Functions/Engine_MaterialFunctions02/Utility/MakeFloat2.uasset" 295
"../../../Engine/Content/Functions/Engine_MaterialFunctions02/Utility/MakeFloat2.uexp" 296
"../../../Engine/Content/EngineSky/VolumetricClouds/CloudWeatherTexture.uasset" 297
"../../../Engine/Content/EngineSky/VolumetricClouds/CloudWeatherTexture.uexp" 298
"../../../Engine/Content/EngineSky/VolumetricClouds/CloudGradientTexture.uasset" 299
"../../../Engine/Content/EngineSky/VolumetricClouds/CloudGradientTexture.uexp" 300
"../../../Engine/Content/EngineSky/VolumetricClouds/m_SimpleVolumetricCloud.uasset" 301
"../../../Engine/Content/EngineSky/VolumetricClouds/m_SimpleVolumetricCloud.uexp" 302
"../../../Engine/Content/EngineSky/VolumetricClouds/m_SimpleVolumetricCloud_Inst.uasset" 303
"../../../Engine/Content/EngineSky/VolumetricClouds/m_SimpleVolumetricCloud_Inst.uexp" 304
"../../../Engine/Content/EngineSounds/Master.uasset" 305
"../../../Engine/Content/EngineSounds/Master.uexp" 306
"../../../Engine/Content/Functions/Engine_MaterialFunctions01/Shading/ConvertFromDiffSpec.uasset" 307
"../../../Engine/Content/Functions/Engine_MaterialFunctions01/Shading/ConvertFromDiffSpec.uexp" 308
"../../../Engine/Content/Functions/Engine_MaterialFunctions01/Shading/PowerToRoughness.uasset" 309
"../../../Engine/Content/Functions/Engine_MaterialFunctions01/Shading/PowerToRoughness.uexp" 310
"../../../Engine/Content/Maps/Templates/Thumbnails/Default.uasset" 311
"../../../Engine/Content/Maps/Templates/Thumbnails/Default.uexp" 312
"../../../Engine/Content/Maps/Templates/Thumbnails/TimeOfDay.uasset" 313
"../../../Engine/Content/Maps/Templates/Thumbnails/TimeOfDay.uexp" 314
"../../../Engine/Content/Maps/Templates/Thumbnails/VR-Basic.uasset" 315
"../../../Engine/Content/Maps/Templates/Thumbnails/VR-Basic.uexp" 316
"../../../Engine/Content/MobileResources/T_MobileControls_texture.uasset" 317
"../../../Engine/Content/MobileResources/T_MobileControls_texture.uexp" 318
"../../../Engine/Content/MobileResources/T_MobileMenu2.uasset" 319
"../../../Engine/Content/MobileResources/T_MobileMenu2.uexp" 320
"../../../Engine/Content/MobileResources/HUD/AnalogHat.uasset" 321
"../../../Engine/Content/MobileResources/HUD/AnalogHat.uexp" 322
"../../../Engine/Content/MobileResources/HUD/VirtualJoystick_Thumb.uasset" 323
"../../../Engine/Content/MobileResources/HUD/VirtualJoystick_Thumb.uexp" 324
"../../../Engine/Content/MobileResources/HUD/VirtualJoystick_Background.uasset" 325
"../../../Engine/Content/MobileResources/HUD/VirtualJoystick_Background.uexp" 326
"../../../Engine/Content/MobileResources/HUD/DefaultVirtualJoysticks.uasset" 327
"../../../Engine/Content/MobileResources/HUD/DefaultVirtualJoysticks.uexp" 328
"../../../Engine/Content/MobileResources/HUD/LeftVirtualJoystickOnly.uasset" 329
"../../../Engine/Content/MobileResources/HUD/LeftVirtualJoystickOnly.uexp" 330
"../../../Engine/Content/MobileResources/HUD/MobileHUDButton1_off.uasset" 331
"../../../Engine/Content/MobileResources/HUD/MobileHUDButton1_off.uexp" 332
"../../../Engine/Content/MobileResources/HUD/MobileHUDButton1_on.uasset" 333
"../../../Engine/Content/MobileResources/HUD/MobileHUDButton1_on.uexp" 334
"../../../Engine/Content/MobileResources/HUD/MobileHUDButton2_off.uasset" 335
"../../../Engine/Content/MobileResources/HUD/MobileHUDButton2_off.uexp" 336
"../../../Engine/Content/MobileResources/HUD/MobileHUDButton2_on.uasset" 337
"../../../Engine/Content/MobileResources/HUD/MobileHUDButton2_on.uexp" 338
"../../../Engine/Content/MobileResources/HUD/MobileHUDButton3.uasset" 339
"../../../Engine/Content/MobileResources/HUD/MobileHUDButton3.uexp" 340
"../../../Engine/Content/MobileResources/HUD/MobileHUDButtonFire.uasset" 341
"../../../Engine/Content/MobileResources/HUD/MobileHUDButtonFire.uexp" 342
"../../../Engine/Content/MobileResources/HUD/MobileHUDDirectionPad.uasset" 343
"../../../Engine/Content/MobileResources/HUD/MobileHUDDirectionPad.uexp" 344
"../../../Engine/Content/MobileResources/HUD/MobileHUDDirectionPad2.uasset" 345
"../../../Engine/Content/MobileResources/HUD/MobileHUDDirectionPad2.uexp" 346
"../../../Engine/Content/MobileResources/HUD/MobileHUDDirectionPad3.uasset" 347
"../../../Engine/Content/MobileResources/HUD/MobileHUDDirectionPad3.uexp" 348
"../../../Engine/Content/MobileResources/HUD/MobileHUDDirectionStick.uasset" 349
"../../../Engine/Content/MobileResources/HUD/MobileHUDDirectionStick.uexp" 350
"../../../Engine/Content/MobileResources/HUD/T_Castle_ThumbstickInner.uasset" 351
"../../../Engine/Content/MobileResources/HUD/T_Castle_ThumbstickInner.uexp" 352
"../../../Engine/Content/MobileResources/HUD/T_Castle_ThumbstickOutter.uasset" 353
"../../../Engine/Content/MobileResources/HUD/T_Castle_ThumbstickOutter.uexp" 354
"../../../Engine/Content/Tutorial/ContentIntroCurve.uasset" 355
"../../../Engine/Content/Tutorial/ContentIntroCurve.uexp" 356
"../../../Engine/Content/Tutorial/Basics/TutorialAssets/icon_tab_Levels_40x.uasset" 357
"../../../Engine/Content/Tutorial/Basics/TutorialAssets/icon_tab_Levels_40x.uexp" 358
"../../../Engine/Content/Tutorial/BlueprintTutorials/TutorialAssets/Blueprint_64x.uasset" 359
"../../../Engine/Content/Tutorial/BlueprintTutorials/TutorialAssets/Blueprint_64x.uexp" 360
"../../../Engine/Content/Tutorial/SubEditors/TutorialAssets/TutorialMaterial.uasset" 361
"../../../Engine/Content/Tutorial/SubEditors/TutorialAssets/TutorialMaterial.uexp" 362
"../../../Engine/Plugins/2D/Paper2D/Content/DummySprite.uasset" 363
"../../../Engine/Plugins/2D/Paper2D/Content/DummySprite.uexp" 364
"../../../Engine/Plugins/2D/Paper2D/Content/DefaultPaperTerrainMaterial.uasset" 365
"../../../Engine/Plugins/2D/Paper2D/Content/DefaultPaperTerrainMaterial.uexp" 366
"../../../Engine/Plugins/2D/Paper2D/Content/OpaqueUnlitSpriteMaterial.uasset" 367
"../../../Engine/Plugins/2D/Paper2D/Content/OpaqueUnlitSpriteMaterial.uexp" 368
"S:/Projects/LD53/LD53_Deliverables/Content/Maps/LVL_MainMenu_BuiltData.uasset" 369
"S:/Projects/LD53/LD53_Deliverables/Content/Maps/LVL_MainMenu_BuiltData.uexp" 370
"S:/Projects/LD53/LD53_Deliverables/Content/Actors/BP_TileSpawner.uasset" 371
"S:/Projects/LD53/LD53_Deliverables/Content/Actors/BP_TileSpawner.uexp" 372
"S:/Projects/LD53/LD53_Deliverables/Content/Textures/T_Home.uasset" 373
"S:/Projects/LD53/LD53_Deliverables/Content/Textures/T_Home.uexp" 374
"S:/Projects/LD53/LD53_Deliverables/Content/Textures/T_Home.ubulk" 375
"S:/Projects/LD53/LD53_Deliverables/Content/Textures/T_Home_Sprite.uasset" 376
"S:/Projects/LD53/LD53_Deliverables/Content/Textures/T_Home_Sprite.uexp" 377
"S:/Projects/LD53/LD53_Deliverables/Content/Actors/BP_House.uasset" 378
"S:/Projects/LD53/LD53_Deliverables/Content/Actors/BP_House.uexp" 379
"S:/Projects/LD53/LD53_Deliverables/Content/Maps/LVL_MainMenu.uexp" 380
"S:/Projects/LD53/LD53_Deliverables/Content/Maps/LVL_MainMenu.umap" 381
"../../../Engine/Content/Maps/Entry_BuiltData.uasset" 382
"../../../Engine/Content/Maps/Entry_BuiltData.uexp" 383
"../../../Engine/Content/Maps/Entry.uexp" 384
"../../../Engine/Content/Maps/Entry.umap" 385
